2020-03-14 14:24:14 - PHP Notice:  Undefined index: USD in D:\OSPanel\domains\betaviz.opencart\system\library\cart\currency.php on line 25
2020-03-14 14:24:14 - PHP Notice:  Undefined index: USD in D:\OSPanel\domains\betaviz.opencart\system\library\cart\currency.php on line 26
2020-03-14 14:24:14 - PHP Notice:  Undefined index: USD in D:\OSPanel\domains\betaviz.opencart\system\library\cart\currency.php on line 27
2020-03-14 14:24:14 - PHP Notice:  Undefined index: USD in D:\OSPanel\domains\betaviz.opencart\system\library\cart\currency.php on line 30
2020-03-14 14:24:14 - PHP Notice:  Undefined index: USD in D:\OSPanel\domains\betaviz.opencart\system\library\cart\currency.php on line 25
2020-03-14 14:24:14 - PHP Notice:  Undefined index: USD in D:\OSPanel\domains\betaviz.opencart\system\library\cart\currency.php on line 26
2020-03-14 14:24:14 - PHP Notice:  Undefined index: USD in D:\OSPanel\domains\betaviz.opencart\system\library\cart\currency.php on line 27
2020-03-14 14:24:14 - PHP Notice:  Undefined index: USD in D:\OSPanel\domains\betaviz.opencart\system\library\cart\currency.php on line 30
2020-03-14 14:24:14 - PHP Notice:  Undefined index: USD in D:\OSPanel\domains\betaviz.opencart\system\library\cart\currency.php on line 25
2020-03-14 14:24:14 - PHP Notice:  Undefined index: USD in D:\OSPanel\domains\betaviz.opencart\system\library\cart\currency.php on line 26
2020-03-14 14:24:14 - PHP Notice:  Undefined index: USD in D:\OSPanel\domains\betaviz.opencart\system\library\cart\currency.php on line 27
2020-03-14 14:24:14 - PHP Notice:  Undefined index: USD in D:\OSPanel\domains\betaviz.opencart\system\library\cart\currency.php on line 30
2020-03-14 14:24:14 - PHP Notice:  Undefined index: USD in D:\OSPanel\domains\betaviz.opencart\system\library\cart\currency.php on line 25
2020-03-14 14:24:14 - PHP Notice:  Undefined index: USD in D:\OSPanel\domains\betaviz.opencart\system\library\cart\currency.php on line 26
2020-03-14 14:24:14 - PHP Notice:  Undefined index: USD in D:\OSPanel\domains\betaviz.opencart\system\library\cart\currency.php on line 27
2020-03-14 14:24:14 - PHP Notice:  Undefined index: USD in D:\OSPanel\domains\betaviz.opencart\system\library\cart\currency.php on line 30
2020-03-14 14:24:14 - PHP Notice:  Undefined index: USD in D:\OSPanel\domains\betaviz.opencart\system\library\cart\currency.php on line 25
2020-03-14 14:24:14 - PHP Notice:  Undefined index: USD in D:\OSPanel\domains\betaviz.opencart\system\library\cart\currency.php on line 26
2020-03-14 14:24:14 - PHP Notice:  Undefined index: USD in D:\OSPanel\domains\betaviz.opencart\system\library\cart\currency.php on line 27
2020-03-14 14:24:14 - PHP Notice:  Undefined index: USD in D:\OSPanel\domains\betaviz.opencart\system\library\cart\currency.php on line 30
2020-03-14 14:24:14 - PHP Notice:  Undefined index: USD in D:\OSPanel\domains\betaviz.opencart\system\library\cart\currency.php on line 25
2020-03-14 14:24:14 - PHP Notice:  Undefined index: USD in D:\OSPanel\domains\betaviz.opencart\system\library\cart\currency.php on line 26
2020-03-14 14:24:14 - PHP Notice:  Undefined index: USD in D:\OSPanel\domains\betaviz.opencart\system\library\cart\currency.php on line 27
2020-03-14 14:24:14 - PHP Notice:  Undefined index: USD in D:\OSPanel\domains\betaviz.opencart\system\library\cart\currency.php on line 30
2020-03-14 14:24:14 - PHP Notice:  Undefined index: USD in D:\OSPanel\domains\betaviz.opencart\system\library\cart\currency.php on line 25
2020-03-14 14:24:14 - PHP Notice:  Undefined index: USD in D:\OSPanel\domains\betaviz.opencart\system\library\cart\currency.php on line 26
2020-03-14 14:24:14 - PHP Notice:  Undefined index: USD in D:\OSPanel\domains\betaviz.opencart\system\library\cart\currency.php on line 27
2020-03-14 14:24:14 - PHP Notice:  Undefined index: USD in D:\OSPanel\domains\betaviz.opencart\system\library\cart\currency.php on line 30
2020-03-14 14:24:14 - PHP Notice:  Undefined index: USD in D:\OSPanel\domains\betaviz.opencart\system\library\cart\currency.php on line 25
2020-03-14 14:24:14 - PHP Notice:  Undefined index: USD in D:\OSPanel\domains\betaviz.opencart\system\library\cart\currency.php on line 26
2020-03-14 14:24:14 - PHP Notice:  Undefined index: USD in D:\OSPanel\domains\betaviz.opencart\system\library\cart\currency.php on line 27
2020-03-14 14:24:14 - PHP Notice:  Undefined index: USD in D:\OSPanel\domains\betaviz.opencart\system\library\cart\currency.php on line 30
2020-03-14 14:24:14 - PHP Notice:  Undefined index: USD in D:\OSPanel\domains\betaviz.opencart\system\library\cart\currency.php on line 25
2020-03-14 14:24:14 - PHP Notice:  Undefined index: USD in D:\OSPanel\domains\betaviz.opencart\system\library\cart\currency.php on line 26
2020-03-14 14:24:14 - PHP Notice:  Undefined index: USD in D:\OSPanel\domains\betaviz.opencart\system\library\cart\currency.php on line 27
2020-03-14 14:24:14 - PHP Notice:  Undefined index: USD in D:\OSPanel\domains\betaviz.opencart\system\library\cart\currency.php on line 30
2020-03-14 14:26:05 - PHP Notice:  Undefined index: USD in D:\OSPanel\domains\betaviz.opencart\system\library\cart\currency.php on line 25
2020-03-14 14:26:05 - PHP Notice:  Undefined index: USD in D:\OSPanel\domains\betaviz.opencart\system\library\cart\currency.php on line 26
2020-03-14 14:26:05 - PHP Notice:  Undefined index: USD in D:\OSPanel\domains\betaviz.opencart\system\library\cart\currency.php on line 27
2020-03-14 14:26:05 - PHP Notice:  Undefined index: USD in D:\OSPanel\domains\betaviz.opencart\system\library\cart\currency.php on line 30
2020-03-14 14:26:05 - PHP Notice:  Undefined index: USD in D:\OSPanel\domains\betaviz.opencart\system\library\cart\currency.php on line 25
2020-03-14 14:26:05 - PHP Notice:  Undefined index: USD in D:\OSPanel\domains\betaviz.opencart\system\library\cart\currency.php on line 26
2020-03-14 14:26:05 - PHP Notice:  Undefined index: USD in D:\OSPanel\domains\betaviz.opencart\system\library\cart\currency.php on line 27
2020-03-14 14:26:05 - PHP Notice:  Undefined index: USD in D:\OSPanel\domains\betaviz.opencart\system\library\cart\currency.php on line 30
2020-03-14 14:26:05 - PHP Notice:  Undefined index: USD in D:\OSPanel\domains\betaviz.opencart\system\library\cart\currency.php on line 25
2020-03-14 14:26:05 - PHP Notice:  Undefined index: USD in D:\OSPanel\domains\betaviz.opencart\system\library\cart\currency.php on line 26
2020-03-14 14:26:05 - PHP Notice:  Undefined index: USD in D:\OSPanel\domains\betaviz.opencart\system\library\cart\currency.php on line 27
2020-03-14 14:26:05 - PHP Notice:  Undefined index: USD in D:\OSPanel\domains\betaviz.opencart\system\library\cart\currency.php on line 30
2020-03-14 14:26:05 - PHP Notice:  Undefined index: USD in D:\OSPanel\domains\betaviz.opencart\system\library\cart\currency.php on line 25
2020-03-14 14:26:05 - PHP Notice:  Undefined index: USD in D:\OSPanel\domains\betaviz.opencart\system\library\cart\currency.php on line 26
2020-03-14 14:26:05 - PHP Notice:  Undefined index: USD in D:\OSPanel\domains\betaviz.opencart\system\library\cart\currency.php on line 27
2020-03-14 14:26:05 - PHP Notice:  Undefined index: USD in D:\OSPanel\domains\betaviz.opencart\system\library\cart\currency.php on line 30
2020-03-14 14:26:05 - PHP Notice:  Undefined index: USD in D:\OSPanel\domains\betaviz.opencart\system\library\cart\currency.php on line 25
2020-03-14 14:26:05 - PHP Notice:  Undefined index: USD in D:\OSPanel\domains\betaviz.opencart\system\library\cart\currency.php on line 26
2020-03-14 14:26:05 - PHP Notice:  Undefined index: USD in D:\OSPanel\domains\betaviz.opencart\system\library\cart\currency.php on line 27
2020-03-14 14:26:05 - PHP Notice:  Undefined index: USD in D:\OSPanel\domains\betaviz.opencart\system\library\cart\currency.php on line 30
2020-03-14 14:26:05 - PHP Notice:  Undefined index: USD in D:\OSPanel\domains\betaviz.opencart\system\library\cart\currency.php on line 25
2020-03-14 14:26:05 - PHP Notice:  Undefined index: USD in D:\OSPanel\domains\betaviz.opencart\system\library\cart\currency.php on line 26
2020-03-14 14:26:05 - PHP Notice:  Undefined index: USD in D:\OSPanel\domains\betaviz.opencart\system\library\cart\currency.php on line 27
2020-03-14 14:26:05 - PHP Notice:  Undefined index: USD in D:\OSPanel\domains\betaviz.opencart\system\library\cart\currency.php on line 30
2020-03-14 14:26:06 - PHP Notice:  Undefined index: USD in D:\OSPanel\domains\betaviz.opencart\system\library\cart\currency.php on line 25
2020-03-14 14:26:06 - PHP Notice:  Undefined index: USD in D:\OSPanel\domains\betaviz.opencart\system\library\cart\currency.php on line 26
2020-03-14 14:26:06 - PHP Notice:  Undefined index: USD in D:\OSPanel\domains\betaviz.opencart\system\library\cart\currency.php on line 27
2020-03-14 14:26:06 - PHP Notice:  Undefined index: USD in D:\OSPanel\domains\betaviz.opencart\system\library\cart\currency.php on line 30
2020-03-14 14:26:06 - PHP Notice:  Undefined index: USD in D:\OSPanel\domains\betaviz.opencart\system\library\cart\currency.php on line 25
2020-03-14 14:26:06 - PHP Notice:  Undefined index: USD in D:\OSPanel\domains\betaviz.opencart\system\library\cart\currency.php on line 26
2020-03-14 14:26:06 - PHP Notice:  Undefined index: USD in D:\OSPanel\domains\betaviz.opencart\system\library\cart\currency.php on line 27
2020-03-14 14:26:06 - PHP Notice:  Undefined index: USD in D:\OSPanel\domains\betaviz.opencart\system\library\cart\currency.php on line 30
2020-03-14 14:26:06 - PHP Notice:  Undefined index: USD in D:\OSPanel\domains\betaviz.opencart\system\library\cart\currency.php on line 25
2020-03-14 14:26:06 - PHP Notice:  Undefined index: USD in D:\OSPanel\domains\betaviz.opencart\system\library\cart\currency.php on line 26
2020-03-14 14:26:06 - PHP Notice:  Undefined index: USD in D:\OSPanel\domains\betaviz.opencart\system\library\cart\currency.php on line 27
2020-03-14 14:26:06 - PHP Notice:  Undefined index: USD in D:\OSPanel\domains\betaviz.opencart\system\library\cart\currency.php on line 30
2020-03-14 14:26:38 - PHP Notice:  Undefined index: USD in D:\OSPanel\domains\betaviz.opencart\system\library\cart\currency.php on line 25
2020-03-14 14:26:38 - PHP Notice:  Undefined index: USD in D:\OSPanel\domains\betaviz.opencart\system\library\cart\currency.php on line 26
2020-03-14 14:26:38 - PHP Notice:  Undefined index: USD in D:\OSPanel\domains\betaviz.opencart\system\library\cart\currency.php on line 27
2020-03-14 14:26:38 - PHP Notice:  Undefined index: USD in D:\OSPanel\domains\betaviz.opencart\system\library\cart\currency.php on line 30
2020-03-14 14:26:38 - PHP Notice:  Undefined index: USD in D:\OSPanel\domains\betaviz.opencart\system\library\cart\currency.php on line 25
2020-03-14 14:26:38 - PHP Notice:  Undefined index: USD in D:\OSPanel\domains\betaviz.opencart\system\library\cart\currency.php on line 26
2020-03-14 14:26:38 - PHP Notice:  Undefined index: USD in D:\OSPanel\domains\betaviz.opencart\system\library\cart\currency.php on line 27
2020-03-14 14:26:38 - PHP Notice:  Undefined index: USD in D:\OSPanel\domains\betaviz.opencart\system\library\cart\currency.php on line 30
2020-03-14 14:26:38 - PHP Notice:  Undefined index: USD in D:\OSPanel\domains\betaviz.opencart\system\library\cart\currency.php on line 25
2020-03-14 14:26:38 - PHP Notice:  Undefined index: USD in D:\OSPanel\domains\betaviz.opencart\system\library\cart\currency.php on line 26
2020-03-14 14:26:38 - PHP Notice:  Undefined index: USD in D:\OSPanel\domains\betaviz.opencart\system\library\cart\currency.php on line 27
2020-03-14 14:26:38 - PHP Notice:  Undefined index: USD in D:\OSPanel\domains\betaviz.opencart\system\library\cart\currency.php on line 30
2020-03-14 14:28:18 - PHP Notice:  Undefined index: USD in D:\OSPanel\domains\betaviz.opencart\system\library\cart\currency.php on line 25
2020-03-14 14:28:18 - PHP Notice:  Undefined index: USD in D:\OSPanel\domains\betaviz.opencart\system\library\cart\currency.php on line 26
2020-03-14 14:28:18 - PHP Notice:  Undefined index: USD in D:\OSPanel\domains\betaviz.opencart\system\library\cart\currency.php on line 27
2020-03-14 14:28:18 - PHP Notice:  Undefined index: USD in D:\OSPanel\domains\betaviz.opencart\system\library\cart\currency.php on line 30
2020-03-14 14:28:18 - PHP Notice:  Undefined index: USD in D:\OSPanel\domains\betaviz.opencart\system\library\cart\currency.php on line 25
2020-03-14 14:28:18 - PHP Notice:  Undefined index: USD in D:\OSPanel\domains\betaviz.opencart\system\library\cart\currency.php on line 26
2020-03-14 14:28:18 - PHP Notice:  Undefined index: USD in D:\OSPanel\domains\betaviz.opencart\system\library\cart\currency.php on line 27
2020-03-14 14:28:18 - PHP Notice:  Undefined index: USD in D:\OSPanel\domains\betaviz.opencart\system\library\cart\currency.php on line 30
2020-03-14 14:28:18 - PHP Notice:  Undefined index: USD in D:\OSPanel\domains\betaviz.opencart\system\library\cart\currency.php on line 25
2020-03-14 14:28:18 - PHP Notice:  Undefined index: USD in D:\OSPanel\domains\betaviz.opencart\system\library\cart\currency.php on line 26
2020-03-14 14:28:18 - PHP Notice:  Undefined index: USD in D:\OSPanel\domains\betaviz.opencart\system\library\cart\currency.php on line 27
2020-03-14 14:28:18 - PHP Notice:  Undefined index: USD in D:\OSPanel\domains\betaviz.opencart\system\library\cart\currency.php on line 30
2020-03-14 14:28:18 - PHP Notice:  Undefined index: USD in D:\OSPanel\domains\betaviz.opencart\system\library\cart\currency.php on line 25
2020-03-14 14:28:18 - PHP Notice:  Undefined index: USD in D:\OSPanel\domains\betaviz.opencart\system\library\cart\currency.php on line 26
2020-03-14 14:28:18 - PHP Notice:  Undefined index: USD in D:\OSPanel\domains\betaviz.opencart\system\library\cart\currency.php on line 27
2020-03-14 14:28:18 - PHP Notice:  Undefined index: USD in D:\OSPanel\domains\betaviz.opencart\system\library\cart\currency.php on line 30
2020-03-14 14:28:18 - PHP Notice:  Undefined index: USD in D:\OSPanel\domains\betaviz.opencart\system\library\cart\currency.php on line 25
2020-03-14 14:28:18 - PHP Notice:  Undefined index: USD in D:\OSPanel\domains\betaviz.opencart\system\library\cart\currency.php on line 26
2020-03-14 14:28:18 - PHP Notice:  Undefined index: USD in D:\OSPanel\domains\betaviz.opencart\system\library\cart\currency.php on line 27
2020-03-14 14:28:18 - PHP Notice:  Undefined index: USD in D:\OSPanel\domains\betaviz.opencart\system\library\cart\currency.php on line 30
2020-03-14 14:28:18 - PHP Notice:  Undefined index: USD in D:\OSPanel\domains\betaviz.opencart\system\library\cart\currency.php on line 25
2020-03-14 14:28:18 - PHP Notice:  Undefined index: USD in D:\OSPanel\domains\betaviz.opencart\system\library\cart\currency.php on line 26
2020-03-14 14:28:18 - PHP Notice:  Undefined index: USD in D:\OSPanel\domains\betaviz.opencart\system\library\cart\currency.php on line 27
2020-03-14 14:28:18 - PHP Notice:  Undefined index: USD in D:\OSPanel\domains\betaviz.opencart\system\library\cart\currency.php on line 30
2020-03-14 14:28:18 - PHP Notice:  Undefined index: USD in D:\OSPanel\domains\betaviz.opencart\system\library\cart\currency.php on line 25
2020-03-14 14:28:18 - PHP Notice:  Undefined index: USD in D:\OSPanel\domains\betaviz.opencart\system\library\cart\currency.php on line 26
2020-03-14 14:28:18 - PHP Notice:  Undefined index: USD in D:\OSPanel\domains\betaviz.opencart\system\library\cart\currency.php on line 27
2020-03-14 14:28:18 - PHP Notice:  Undefined index: USD in D:\OSPanel\domains\betaviz.opencart\system\library\cart\currency.php on line 30
2020-03-14 14:28:18 - PHP Notice:  Undefined index: USD in D:\OSPanel\domains\betaviz.opencart\system\library\cart\currency.php on line 25
2020-03-14 14:28:18 - PHP Notice:  Undefined index: USD in D:\OSPanel\domains\betaviz.opencart\system\library\cart\currency.php on line 26
2020-03-14 14:28:18 - PHP Notice:  Undefined index: USD in D:\OSPanel\domains\betaviz.opencart\system\library\cart\currency.php on line 27
2020-03-14 14:28:18 - PHP Notice:  Undefined index: USD in D:\OSPanel\domains\betaviz.opencart\system\library\cart\currency.php on line 30
2020-03-14 14:28:18 - PHP Notice:  Undefined index: USD in D:\OSPanel\domains\betaviz.opencart\system\library\cart\currency.php on line 25
2020-03-14 14:28:18 - PHP Notice:  Undefined index: USD in D:\OSPanel\domains\betaviz.opencart\system\library\cart\currency.php on line 26
2020-03-14 14:28:18 - PHP Notice:  Undefined index: USD in D:\OSPanel\domains\betaviz.opencart\system\library\cart\currency.php on line 27
2020-03-14 14:28:18 - PHP Notice:  Undefined index: USD in D:\OSPanel\domains\betaviz.opencart\system\library\cart\currency.php on line 30
2020-03-19 9:44:51 - PHP Notice:  Undefined variable: db in D:\OSPanel\domains\betaviz.opencart\catalog\controller\common\cart.php on line 3
2020-03-19 9:45:15 - PHP Notice:  Undefined variable: db in D:\OSPanel\domains\betaviz.opencart\catalog\controller\common\cart.php on line 3
2020-03-19 9:45:57 - PHP Notice:  Undefined variable: db in D:\OSPanel\domains\betaviz.opencart\catalog\controller\common\cart.php on line 3
2020-03-22 10:57:07 - PHP Notice:  Undefined index: name1 in D:\OSPanel\domains\betaviz.opencart\WNWabp1SBc\model\catalog\category.php on line 268
2020-03-22 10:57:07 - PHP Notice:  Undefined index: name1 in D:\OSPanel\domains\betaviz.opencart\WNWabp1SBc\model\catalog\category.php on line 268
2020-03-22 14:38:12 - PHP Notice:  Undefined index: menu_subcategory_description in D:\OSPanel\domains\betaviz.opencart\WNWabp1SBc\model\catalog\category.php on line 73
2020-03-22 14:38:12 - PHP Notice:  Undefined index: menu_subcategory_description in D:\OSPanel\domains\betaviz.opencart\WNWabp1SBc\model\catalog\category.php on line 73
2020-03-22 14:38:12 - PHP Warning:  Cannot modify header information - headers already sent by (output started at D:\OSPanel\domains\betaviz.opencart\WNWabp1SBc\controller\startup\error.php:34) in D:\OSPanel\domains\betaviz.opencart\system\library\response.php on line 36
2020-03-22 14:39:17 - PHP Notice:  Undefined index: menu_subcategory_description in D:\OSPanel\domains\betaviz.opencart\WNWabp1SBc\model\catalog\category.php on line 73
2020-03-22 14:39:17 - PHP Notice:  Undefined index: menu_subcategory_description in D:\OSPanel\domains\betaviz.opencart\WNWabp1SBc\model\catalog\category.php on line 73
2020-03-22 14:39:17 - PHP Warning:  Cannot modify header information - headers already sent by (output started at D:\OSPanel\domains\betaviz.opencart\WNWabp1SBc\controller\startup\error.php:34) in D:\OSPanel\domains\betaviz.opencart\system\library\response.php on line 36
2020-03-23 15:27:05 - PHP Notice:  Undefined index: menu_subcategory_description in D:\OSPanel\domains\betaviz.opencart\WNWabp1SBc\model\catalog\category.php on line 73
2020-03-23 15:27:05 - PHP Warning:  Cannot modify header information - headers already sent by (output started at D:\OSPanel\domains\betaviz.opencart\WNWabp1SBc\controller\startup\error.php:34) in D:\OSPanel\domains\betaviz.opencart\system\library\response.php on line 36
2020-03-23 15:31:36 - PHP Notice:  Undefined index: menu_subcategory_description in D:\OSPanel\domains\betaviz.opencart\WNWabp1SBc\model\catalog\category.php on line 73
2020-03-23 15:31:36 - PHP Warning:  Cannot modify header information - headers already sent by (output started at D:\OSPanel\domains\betaviz.opencart\WNWabp1SBc\controller\startup\error.php:34) in D:\OSPanel\domains\betaviz.opencart\system\library\response.php on line 36
2020-03-27 15:53:38 - PHP Notice:  Undefined index: image_popular in D:\OSPanel\domains\betaviz.opencart\WNWabp1SBc\controller\catalog\category.php on line 435
2020-03-27 15:53:38 - PHP Notice:  Undefined index: image_popular in D:\OSPanel\domains\betaviz.opencart\WNWabp1SBc\controller\catalog\category.php on line 456
2020-03-27 15:53:41 - PHP Notice:  Undefined index: image_popular in D:\OSPanel\domains\betaviz.opencart\WNWabp1SBc\controller\catalog\category.php on line 435
2020-03-27 15:53:41 - PHP Notice:  Undefined index: image_popular in D:\OSPanel\domains\betaviz.opencart\WNWabp1SBc\controller\catalog\category.php on line 456
2020-03-27 15:53:42 - PHP Notice:  Undefined index: image_popular in D:\OSPanel\domains\betaviz.opencart\WNWabp1SBc\controller\catalog\category.php on line 435
2020-03-27 15:53:42 - PHP Notice:  Undefined index: image_popular in D:\OSPanel\domains\betaviz.opencart\WNWabp1SBc\controller\catalog\category.php on line 456
2020-03-27 15:53:43 - PHP Notice:  Undefined index: image_popular in D:\OSPanel\domains\betaviz.opencart\WNWabp1SBc\controller\catalog\category.php on line 435
2020-03-27 15:53:43 - PHP Notice:  Undefined index: image_popular in D:\OSPanel\domains\betaviz.opencart\WNWabp1SBc\controller\catalog\category.php on line 456
2020-03-27 15:53:44 - PHP Notice:  Undefined index: image_popular in D:\OSPanel\domains\betaviz.opencart\WNWabp1SBc\controller\catalog\category.php on line 435
2020-03-27 15:53:44 - PHP Notice:  Undefined index: image_popular in D:\OSPanel\domains\betaviz.opencart\WNWabp1SBc\controller\catalog\category.php on line 456
2020-03-27 15:53:45 - PHP Notice:  Undefined index: image_popular in D:\OSPanel\domains\betaviz.opencart\WNWabp1SBc\controller\catalog\category.php on line 435
2020-03-27 15:53:45 - PHP Notice:  Undefined index: image_popular in D:\OSPanel\domains\betaviz.opencart\WNWabp1SBc\controller\catalog\category.php on line 456
2020-03-27 15:53:46 - PHP Notice:  Undefined index: image_popular in D:\OSPanel\domains\betaviz.opencart\WNWabp1SBc\controller\catalog\category.php on line 435
2020-03-27 15:53:46 - PHP Notice:  Undefined index: image_popular in D:\OSPanel\domains\betaviz.opencart\WNWabp1SBc\controller\catalog\category.php on line 456
2020-03-27 15:53:48 - PHP Notice:  Undefined index: image_popular in D:\OSPanel\domains\betaviz.opencart\WNWabp1SBc\controller\catalog\category.php on line 435
2020-03-27 15:53:48 - PHP Notice:  Undefined index: image_popular in D:\OSPanel\domains\betaviz.opencart\WNWabp1SBc\controller\catalog\category.php on line 456
2020-03-27 15:53:51 - PHP Notice:  Undefined index: image_popular in D:\OSPanel\domains\betaviz.opencart\WNWabp1SBc\controller\catalog\category.php on line 435
2020-03-27 15:53:51 - PHP Notice:  Undefined index: image_popular in D:\OSPanel\domains\betaviz.opencart\WNWabp1SBc\controller\catalog\category.php on line 456
2020-03-27 15:53:54 - PHP Notice:  Undefined index: image_popular in D:\OSPanel\domains\betaviz.opencart\WNWabp1SBc\controller\catalog\category.php on line 435
2020-03-27 15:53:54 - PHP Notice:  Undefined index: image_popular in D:\OSPanel\domains\betaviz.opencart\WNWabp1SBc\controller\catalog\category.php on line 456
2020-03-27 15:53:56 - PHP Notice:  Undefined index: image_popular in D:\OSPanel\domains\betaviz.opencart\WNWabp1SBc\controller\catalog\category.php on line 435
2020-03-27 15:53:56 - PHP Notice:  Undefined index: image_popular in D:\OSPanel\domains\betaviz.opencart\WNWabp1SBc\controller\catalog\category.php on line 456
2020-03-27 15:58:28 - PHP Notice:  Undefined index: image_popular in D:\OSPanel\domains\betaviz.opencart\WNWabp1SBc\controller\catalog\category.php on line 435
2020-03-27 15:58:28 - PHP Notice:  Undefined index: image_popular in D:\OSPanel\domains\betaviz.opencart\WNWabp1SBc\controller\catalog\category.php on line 456
2020-03-27 15:58:51 - PHP Notice:  Undefined index: image_popular in D:\OSPanel\domains\betaviz.opencart\WNWabp1SBc\controller\catalog\category.php on line 435
2020-03-27 15:58:51 - PHP Notice:  Undefined index: image_popular in D:\OSPanel\domains\betaviz.opencart\WNWabp1SBc\controller\catalog\category.php on line 456
2020-03-27 15:59:09 - PHP Notice:  Undefined index: image_popular in D:\OSPanel\domains\betaviz.opencart\WNWabp1SBc\controller\catalog\category.php on line 435
2020-03-27 15:59:09 - PHP Notice:  Undefined index: image_popular in D:\OSPanel\domains\betaviz.opencart\WNWabp1SBc\controller\catalog\category.php on line 456
2020-03-27 16:06:45 - PHP Notice:  Undefined index: image_popular in D:\OSPanel\domains\betaviz.opencart\WNWabp1SBc\controller\catalog\category.php on line 435
2020-03-27 16:06:45 - PHP Notice:  Undefined index: image_popular in D:\OSPanel\domains\betaviz.opencart\WNWabp1SBc\controller\catalog\category.php on line 456
2020-03-28 11:01:31 - PHP Notice:  Undefined index: image_popular in D:\OSPanel\domains\betaviz.opencart\WNWabp1SBc\controller\catalog\category.php on line 435
2020-03-28 11:01:31 - PHP Notice:  Undefined index: image_popular in D:\OSPanel\domains\betaviz.opencart\WNWabp1SBc\controller\catalog\category.php on line 456
2020-03-28 11:02:14 - PHP Notice:  Undefined index: image_popular in D:\OSPanel\domains\betaviz.opencart\WNWabp1SBc\controller\catalog\category.php on line 435
2020-03-28 11:02:14 - PHP Notice:  Undefined index: image_popular in D:\OSPanel\domains\betaviz.opencart\WNWabp1SBc\controller\catalog\category.php on line 456
2020-03-28 11:02:21 - PHP Notice:  Undefined index: image_popular in D:\OSPanel\domains\betaviz.opencart\WNWabp1SBc\controller\catalog\category.php on line 435
2020-03-28 11:02:21 - PHP Notice:  Undefined index: image_popular in D:\OSPanel\domains\betaviz.opencart\WNWabp1SBc\controller\catalog\category.php on line 456
2020-03-28 11:03:07 - PHP Notice:  Undefined index: image_popular in D:\OSPanel\domains\betaviz.opencart\WNWabp1SBc\controller\catalog\category.php on line 435
2020-03-28 11:03:07 - PHP Notice:  Undefined index: image_popular in D:\OSPanel\domains\betaviz.opencart\WNWabp1SBc\controller\catalog\category.php on line 456
2020-03-28 11:05:37 - PHP Notice:  Undefined index: image_popular in D:\OSPanel\domains\betaviz.opencart\WNWabp1SBc\controller\catalog\category.php on line 435
2020-03-28 11:05:37 - PHP Notice:  Undefined index: image_popular in D:\OSPanel\domains\betaviz.opencart\WNWabp1SBc\controller\catalog\category.php on line 456
2020-03-31 10:27:28 - PHP Notice:  Undefined variable: query in D:\OSPanel\domains\betaviz.opencart\WNWabp1SBc\model\catalog\category.php on line 240
2020-03-31 10:27:28 - PHP Notice:  Trying to get property of non-object in D:\OSPanel\domains\betaviz.opencart\WNWabp1SBc\model\catalog\category.php on line 240
2020-03-31 10:28:22 - PHP Unknown:  Object of class stdClass could not be converted to string in D:\OSPanel\domains\betaviz.opencart\WNWabp1SBc\model\catalog\category.php on line 239
2020-03-31 11:47:22 - PHP Notice:  Undefined index: language_id in D:\OSPanel\domains\betaviz.opencart\WNWabp1SBc\model\catalog\category.php on line 310
2020-03-31 11:48:00 - PHP Notice:  Undefined index: language_id in D:\OSPanel\domains\betaviz.opencart\WNWabp1SBc\model\catalog\category.php on line 310
2020-03-31 11:48:20 - PHP Notice:  Undefined index: language_id in D:\OSPanel\domains\betaviz.opencart\WNWabp1SBc\model\catalog\category.php on line 310
2020-03-31 11:48:30 - PHP Notice:  Undefined index: language_id in D:\OSPanel\domains\betaviz.opencart\WNWabp1SBc\model\catalog\category.php on line 310
2020-03-31 11:49:09 - PHP Notice:  Undefined index: language_id in D:\OSPanel\domains\betaviz.opencart\WNWabp1SBc\model\catalog\category.php on line 310
2020-03-31 12:45:34 - PHP Notice:  Undefined index: popular_description in D:\OSPanel\domains\betaviz.opencart\WNWabp1SBc\model\catalog\category.php on line 95
2020-03-31 12:45:34 - PHP Warning:  Invalid argument supplied for foreach() in D:\OSPanel\domains\betaviz.opencart\WNWabp1SBc\model\catalog\category.php on line 95
2020-03-31 12:45:34 - PHP Warning:  Cannot modify header information - headers already sent by (output started at D:\OSPanel\domains\betaviz.opencart\WNWabp1SBc\controller\startup\error.php:34) in D:\OSPanel\domains\betaviz.opencart\system\library\response.php on line 36
2020-03-31 12:46:18 - PHP Notice:  Undefined index: popular_description in D:\OSPanel\domains\betaviz.opencart\WNWabp1SBc\model\catalog\category.php on line 95
2020-03-31 12:46:18 - PHP Warning:  Invalid argument supplied for foreach() in D:\OSPanel\domains\betaviz.opencart\WNWabp1SBc\model\catalog\category.php on line 95
2020-03-31 12:46:18 - PHP Warning:  Cannot modify header information - headers already sent by (output started at D:\OSPanel\domains\betaviz.opencart\WNWabp1SBc\controller\startup\error.php:34) in D:\OSPanel\domains\betaviz.opencart\system\library\response.php on line 36
2020-04-02 11:48:00 - PHP Notice:  Undefined index: name in D:\OSPanel\domains\betaviz.opencart\WNWabp1SBc\controller\catalog\category.php on line 549
2020-04-02 11:52:04 - PHP Notice:  Undefined index: name in D:\OSPanel\domains\betaviz.opencart\WNWabp1SBc\controller\catalog\category.php on line 549
2020-04-02 11:52:16 - PHP Notice:  Undefined index: name in D:\OSPanel\domains\betaviz.opencart\WNWabp1SBc\controller\catalog\category.php on line 549
2020-04-02 11:54:56 - PHP Notice:  Undefined index: name in D:\OSPanel\domains\betaviz.opencart\WNWabp1SBc\controller\catalog\category.php on line 549
2020-04-02 11:55:45 - PHP Notice:  Undefined index: name in D:\OSPanel\domains\betaviz.opencart\WNWabp1SBc\controller\catalog\category.php on line 549
2020-04-02 11:55:59 - PHP Notice:  Undefined index: name in D:\OSPanel\domains\betaviz.opencart\WNWabp1SBc\controller\catalog\category.php on line 549
2020-04-02 11:57:21 - PHP Notice:  Undefined index: name in D:\OSPanel\domains\betaviz.opencart\WNWabp1SBc\controller\catalog\category.php on line 557
2020-04-02 11:57:37 - PHP Notice:  Undefined index: name in D:\OSPanel\domains\betaviz.opencart\WNWabp1SBc\controller\catalog\category.php on line 557
2020-04-02 11:58:31 - PHP Notice:  Undefined index: name in D:\OSPanel\domains\betaviz.opencart\WNWabp1SBc\controller\catalog\category.php on line 557
2020-04-02 11:59:50 - PHP Notice:  Undefined index: name in D:\OSPanel\domains\betaviz.opencart\WNWabp1SBc\model\catalog\category.php on line 85
2020-04-02 11:59:50 - PHP Notice:  Undefined index: menu_subcategory_description in D:\OSPanel\domains\betaviz.opencart\WNWabp1SBc\model\catalog\category.php on line 85
2020-04-02 11:59:50 - PHP Notice:  Undefined index: description in D:\OSPanel\domains\betaviz.opencart\WNWabp1SBc\model\catalog\category.php on line 85
2020-04-02 11:59:50 - PHP Notice:  Undefined index: meta_description in D:\OSPanel\domains\betaviz.opencart\WNWabp1SBc\model\catalog\category.php on line 85
2020-04-02 11:59:50 - PHP Notice:  Undefined index: meta_keyword in D:\OSPanel\domains\betaviz.opencart\WNWabp1SBc\model\catalog\category.php on line 85
2020-04-02 11:59:50 - PHP Notice:  Undefined index: popular_description in D:\OSPanel\domains\betaviz.opencart\WNWabp1SBc\model\catalog\category.php on line 96
2020-04-02 11:59:50 - PHP Warning:  Cannot modify header information - headers already sent by (output started at D:\OSPanel\domains\betaviz.opencart\WNWabp1SBc\controller\startup\error.php:34) in D:\OSPanel\domains\betaviz.opencart\system\library\response.php on line 36
2020-04-02 12:02:19 - PHP Notice:  Undefined index: popular_description in D:\OSPanel\domains\betaviz.opencart\WNWabp1SBc\model\catalog\category.php on line 96
2020-04-02 12:02:19 - PHP Warning:  Cannot modify header information - headers already sent by (output started at D:\OSPanel\domains\betaviz.opencart\WNWabp1SBc\controller\startup\error.php:34) in D:\OSPanel\domains\betaviz.opencart\system\library\response.php on line 36
2020-04-03 5:15:52 - PHP Notice:  Undefined variable: image_popular in D:\OSPanel\domains\betaviz.opencart\WNWabp1SBc\model\catalog\category.php on line 313
2020-04-03 5:15:52 - PHP Notice:  Undefined variable: image_popular in D:\OSPanel\domains\betaviz.opencart\WNWabp1SBc\model\catalog\category.php on line 313
2020-04-03 5:16:09 - PHP Notice:  Undefined variable: image_popular in D:\OSPanel\domains\betaviz.opencart\WNWabp1SBc\model\catalog\category.php on line 313
2020-04-05 8:58:43 - PHP Warning:  Cannot modify header information - headers already sent by (output started at D:\OSPanel\domains\betaviz.opencart\WNWabp1SBc\model\catalog\category.php:77) in D:\OSPanel\domains\betaviz.opencart\system\library\response.php on line 36
2020-04-05 16:33:31 - PHP Notice:  Undefined index: image_popular in D:\OSPanel\domains\betaviz.opencart\catalog\controller\common\menu.php on line 35
2020-04-05 16:33:31 - PHP Notice:  Undefined index: image_popular in D:\OSPanel\domains\betaviz.opencart\catalog\controller\common\menu.php on line 35
2020-04-05 16:33:31 - PHP Notice:  Undefined index: image_popular in D:\OSPanel\domains\betaviz.opencart\catalog\controller\common\menu.php on line 35
2020-04-05 16:33:31 - PHP Notice:  Undefined index: image_popular in D:\OSPanel\domains\betaviz.opencart\catalog\controller\common\menu.php on line 35
2020-04-05 16:33:31 - PHP Notice:  Undefined index: image_popular in D:\OSPanel\domains\betaviz.opencart\catalog\controller\common\menu.php on line 35
2020-04-05 16:33:31 - PHP Notice:  Undefined index: image_popular in D:\OSPanel\domains\betaviz.opencart\catalog\controller\common\menu.php on line 35
2020-04-05 16:33:31 - PHP Notice:  Undefined index: image_popular in D:\OSPanel\domains\betaviz.opencart\catalog\controller\common\menu.php on line 35
2020-04-05 16:33:31 - PHP Notice:  Undefined index: image_popular in D:\OSPanel\domains\betaviz.opencart\catalog\controller\common\menu.php on line 35
2020-04-05 16:33:49 - PHP Notice:  Undefined index: image_popular123 in D:\OSPanel\domains\betaviz.opencart\catalog\controller\common\menu.php on line 32
2020-04-05 16:33:49 - PHP Notice:  Undefined index: image_popular123 in D:\OSPanel\domains\betaviz.opencart\catalog\controller\common\menu.php on line 32
2020-04-05 16:33:49 - PHP Notice:  Undefined index: image_popular123 in D:\OSPanel\domains\betaviz.opencart\catalog\controller\common\menu.php on line 32
2020-04-05 16:33:49 - PHP Notice:  Undefined index: image_popular123 in D:\OSPanel\domains\betaviz.opencart\catalog\controller\common\menu.php on line 32
2020-04-05 16:33:49 - PHP Notice:  Undefined index: image_popular123 in D:\OSPanel\domains\betaviz.opencart\catalog\controller\common\menu.php on line 32
2020-04-05 16:33:49 - PHP Notice:  Undefined index: image_popular123 in D:\OSPanel\domains\betaviz.opencart\catalog\controller\common\menu.php on line 32
2020-04-05 16:33:49 - PHP Notice:  Undefined index: image_popular123 in D:\OSPanel\domains\betaviz.opencart\catalog\controller\common\menu.php on line 32
2020-04-05 16:33:49 - PHP Notice:  Undefined index: image_popular123 in D:\OSPanel\domains\betaviz.opencart\catalog\controller\common\menu.php on line 32
2020-04-05 16:33:49 - PHP Notice:  Undefined index: image_popular123 in D:\OSPanel\domains\betaviz.opencart\catalog\controller\common\menu.php on line 32
2020-04-05 16:33:49 - PHP Notice:  Undefined index: image_popular123 in D:\OSPanel\domains\betaviz.opencart\catalog\controller\common\menu.php on line 32
2020-04-05 16:33:49 - PHP Notice:  Undefined index: image_popular123 in D:\OSPanel\domains\betaviz.opencart\catalog\controller\common\menu.php on line 32
2020-04-05 16:33:49 - PHP Notice:  Undefined index: image_popular123 in D:\OSPanel\domains\betaviz.opencart\catalog\controller\common\menu.php on line 32
2020-04-05 16:33:49 - PHP Notice:  Undefined index: image_popular123 in D:\OSPanel\domains\betaviz.opencart\catalog\controller\common\menu.php on line 32
2020-04-05 16:33:49 - PHP Notice:  Undefined index: image_popular123 in D:\OSPanel\domains\betaviz.opencart\catalog\controller\common\menu.php on line 32
2020-04-05 16:33:49 - PHP Notice:  Undefined index: image_popular123 in D:\OSPanel\domains\betaviz.opencart\catalog\controller\common\menu.php on line 32
2020-04-05 16:33:49 - PHP Notice:  Undefined index: image_popular123 in D:\OSPanel\domains\betaviz.opencart\catalog\controller\common\menu.php on line 32
2020-04-05 16:33:49 - PHP Notice:  Undefined index: image_popular123 in D:\OSPanel\domains\betaviz.opencart\catalog\controller\common\menu.php on line 32
2020-04-05 16:33:49 - PHP Notice:  Undefined index: image_popular123 in D:\OSPanel\domains\betaviz.opencart\catalog\controller\common\menu.php on line 32
2020-04-05 16:33:49 - PHP Notice:  Undefined index: image_popular123 in D:\OSPanel\domains\betaviz.opencart\catalog\controller\common\menu.php on line 32
2020-04-05 16:33:49 - PHP Notice:  Undefined index: image_popular123 in D:\OSPanel\domains\betaviz.opencart\catalog\controller\common\menu.php on line 32
2020-04-05 16:33:49 - PHP Notice:  Undefined index: image_popular123 in D:\OSPanel\domains\betaviz.opencart\catalog\controller\common\menu.php on line 32
2020-04-05 16:33:49 - PHP Notice:  Undefined index: image_popular123 in D:\OSPanel\domains\betaviz.opencart\catalog\controller\common\menu.php on line 32
2020-04-05 16:33:49 - PHP Notice:  Undefined index: image_popular123 in D:\OSPanel\domains\betaviz.opencart\catalog\controller\common\menu.php on line 32
2020-04-05 16:33:49 - PHP Notice:  Undefined index: image_popular123 in D:\OSPanel\domains\betaviz.opencart\catalog\controller\common\menu.php on line 32
2020-04-05 16:33:49 - PHP Notice:  Undefined index: image_popular123 in D:\OSPanel\domains\betaviz.opencart\catalog\controller\common\menu.php on line 32
2020-04-05 16:33:49 - PHP Notice:  Undefined index: image_popular123 in D:\OSPanel\domains\betaviz.opencart\catalog\controller\common\menu.php on line 32
2020-04-05 16:33:49 - PHP Notice:  Undefined index: image_popular123 in D:\OSPanel\domains\betaviz.opencart\catalog\controller\common\menu.php on line 32
2020-04-05 16:33:49 - PHP Notice:  Undefined index: image_popular123 in D:\OSPanel\domains\betaviz.opencart\catalog\controller\common\menu.php on line 32
2020-04-05 16:33:49 - PHP Notice:  Undefined index: image_popular123 in D:\OSPanel\domains\betaviz.opencart\catalog\controller\common\menu.php on line 32
2020-04-05 16:33:49 - PHP Notice:  Undefined index: image_popular123 in D:\OSPanel\domains\betaviz.opencart\catalog\controller\common\menu.php on line 32
2020-04-05 16:33:49 - PHP Notice:  Undefined index: image_popular123 in D:\OSPanel\domains\betaviz.opencart\catalog\controller\common\menu.php on line 32
2020-04-05 16:33:49 - PHP Notice:  Undefined index: image_popular123 in D:\OSPanel\domains\betaviz.opencart\catalog\controller\common\menu.php on line 32
2020-04-05 16:33:49 - PHP Notice:  Undefined index: image_popular123 in D:\OSPanel\domains\betaviz.opencart\catalog\controller\common\menu.php on line 32
2020-04-15 17:41:16 - PHP Notice:  Undefined index: 	description_popular in D:\OSPanel\domains\betaviz.opencart\catalog\controller\common\menu.php on line 45
2020-04-15 17:41:16 - PHP Notice:  Undefined index: 	description_popular in D:\OSPanel\domains\betaviz.opencart\catalog\controller\common\menu.php on line 45
2020-04-15 17:41:16 - PHP Notice:  Undefined index: 	description_popular in D:\OSPanel\domains\betaviz.opencart\catalog\controller\common\menu.php on line 45
2020-04-15 17:41:16 - PHP Notice:  Undefined index: 	description_popular in D:\OSPanel\domains\betaviz.opencart\catalog\controller\common\menu.php on line 45
2020-04-15 17:41:16 - PHP Notice:  Undefined index: 	description_popular in D:\OSPanel\domains\betaviz.opencart\catalog\controller\common\menu.php on line 45
2020-04-15 17:41:16 - PHP Notice:  Undefined index: 	description_popular in D:\OSPanel\domains\betaviz.opencart\catalog\controller\common\menu.php on line 45
2020-04-15 17:41:16 - PHP Notice:  Undefined index: 	description_popular in D:\OSPanel\domains\betaviz.opencart\catalog\controller\common\menu.php on line 45
2020-04-15 17:41:16 - PHP Notice:  Undefined index: 	description_popular in D:\OSPanel\domains\betaviz.opencart\catalog\controller\common\menu.php on line 45
